{"level":"info","message":"🚀 Server running on port 3000 in development mode","service":"neuroassist","timestamp":"2026-04-01 23:07:50"}
{"level":"info","message":"📧 Daily lead summaries will be sent at 9:00 AM every day","service":"neuroassist","timestamp":"2026-04-01 23:07:50"}
{"level":"info","message":"🚀 Server running on port 3000 in development mode","service":"neuroassist","timestamp":"2026-04-01 23:08:43"}
{"level":"info","message":"📧 Daily lead summaries will be sent at 9:00 AM every day","service":"neuroassist","timestamp":"2026-04-01 23:08:43"}
{"level":"info","message":"CORS allowed origins: https://neuroassist-5z1k.onrender.com, http://localhost:3000, http://localhost:3001","service":"neuroassist","timestamp":"2026-04-02 00:16:46"}
{"level":"info","message":"🚀 Server running on port 3000 in development mode","service":"neuroassist","timestamp":"2026-04-02 00:16:46"}
{"level":"info","message":"📧 Daily lead summaries will be sent at 9:00 AM every day","service":"neuroassist","timestamp":"2026-04-02 00:16:46"}
{"level":"warn","message":"404 Not Found: GET /favicon.ico","service":"neuroassist","timestamp":"2026-04-02 00:16:53"}
{"level":"info","message":"\u001b[0mGET /favicon.ico \u001b[33m404\u001b[0m 4.438 ms - 7965\u001b[0m","service":"neuroassist","timestamp":"2026-04-02 00:16:53"}
{"level":"info","message":"Login attempt for: kunalbodkhe022@gmail.com","service":"neuroassist","timestamp":"2026-04-02 00:17:10"}
{"level":"info","message":"User logged in successfully: kunalbodkhe022@gmail.com (ID: 69bcfcd3465244b46ae80511)","service":"neuroassist","timestamp":"2026-04-02 00:17:11"}
{"level":"info","message":"CORS allowed origins: https://neuroassist-5z1k.onrender.com, http://localhost:3000, http://localhost:3001","service":"neuroassist","timestamp":"2026-04-02 00:18:25"}
{"level":"info","message":"🚀 Server running on port 3000 in development mode","service":"neuroassist","timestamp":"2026-04-02 00:18:25"}
{"level":"info","message":"📧 Daily lead summaries will be sent at 9:00 AM every day","service":"neuroassist","timestamp":"2026-04-02 00:18:25"}
{"level":"info","message":"CORS allowed origins: https://neuroassist-5z1k.onrender.com, http://localhost:3000, http://localhost:3001","service":"neuroassist","timestamp":"2026-04-02 00:18:32"}
{"level":"info","message":"🚀 Server running on port 3000 in development mode","service":"neuroassist","timestamp":"2026-04-02 00:18:32"}
{"level":"info","message":"📧 Daily lead summaries will be sent at 9:00 AM every day","service":"neuroassist","timestamp":"2026-04-02 00:18:32"}
{"level":"info","message":"CORS allowed origins: https://neuroassist-5z1k.onrender.com, http://localhost:3000, http://localhost:3001","service":"neuroassist","timestamp":"2026-04-02 00:19:21"}
{"level":"info","message":"🚀 Server running on port 3000 in development mode","service":"neuroassist","timestamp":"2026-04-02 00:19:21"}
{"level":"info","message":"📧 Daily lead summaries will be sent at 9:00 AM every day","service":"neuroassist","timestamp":"2026-04-02 00:19:21"}
{"level":"info","message":"CORS allowed origins: https://neuroassist-5z1k.onrender.com, http://localhost:3000, http://localhost:3001","service":"neuroassist","timestamp":"2026-04-02 00:19:53"}
{"level":"info","message":"🚀 Server running on port 3000 in development mode","service":"neuroassist","timestamp":"2026-04-02 00:19:54"}
{"level":"info","message":"📧 Daily lead summaries will be sent at 9:00 AM every day","service":"neuroassist","timestamp":"2026-04-02 00:19:54"}
{"level":"info","message":"Login attempt for: kunalbodkhe022@gmail.com","service":"neuroassist","timestamp":"2026-04-02 00:22:26"}
{"level":"info","message":"User logged in successfully: kunalbodkhe022@gmail.com (ID: 69bcfcd3465244b46ae80511)","service":"neuroassist","timestamp":"2026-04-02 00:22:26"}
{"level":"info","message":"CORS allowed origins: https://neuroassist-5z1k.onrender.com, http://localhost:3000, http://localhost:3001","service":"neuroassist","timestamp":"2026-04-02 16:20:50"}
{"level":"info","message":"🚀 Server running on port 3000 in development mode","service":"neuroassist","timestamp":"2026-04-02 16:20:52"}
{"level":"info","message":"📧 Daily lead summaries will be sent at 9:00 AM every day","service":"neuroassist","timestamp":"2026-04-02 16:20:52"}
{"level":"warn","message":"404 Not Found: GET /favicon.ico","service":"neuroassist","timestamp":"2026-04-02 16:21:01"}
{"level":"info","message":"\u001b[0mGET /favicon.ico \u001b[33m404\u001b[0m 9.456 ms - 7965\u001b[0m","service":"neuroassist","timestamp":"2026-04-02 16:21:01"}
{"level":"info","message":"CORS allowed origins: https://neuroassist-5z1k.onrender.com, http://localhost:3000, http://localhost:3001","service":"neuroassist","timestamp":"2026-04-02 17:21:34"}
{"level":"info","message":"CORS allowed origins: https://neuroassist-5z1k.onrender.com, http://localhost:3000, http://localhost:3001","service":"neuroassist","timestamp":"2026-04-02 17:22:19"}
{"level":"info","message":"CORS allowed origins: https://neuroassist-5z1k.onrender.com, http://localhost:3000, http://localhost:3001","service":"neuroassist","timestamp":"2026-04-02 17:22:49"}
{"level":"info","message":"🚀 Server running on port 3000 in development mode","service":"neuroassist","timestamp":"2026-04-02 17:22:51"}
{"level":"info","message":"📧 Daily lead summaries will be sent at 9:00 AM every day","service":"neuroassist","timestamp":"2026-04-02 17:22:51"}
{"level":"info","message":"\u001b[0mPOST /signup \u001b[33m400\u001b[0m 71.517 ms - 290\u001b[0m","service":"neuroassist","timestamp":"2026-04-02 17:23:13"}
{"level":"info","message":"\u001b[0mPOST /signup \u001b[33m400\u001b[0m 80.760 ms - 296\u001b[0m","service":"neuroassist","timestamp":"2026-04-02 17:23:26"}
{"level":"info","message":"OTP sent to kunalbodkhe080@gmail.com for signup","service":"neuroassist","timestamp":"2026-04-02 17:23:36"}
{"level":"info","message":"CORS allowed origins: https://neuroassist-5z1k.onrender.com, http://localhost:3000, http://localhost:3001","service":"neuroassist","timestamp":"2026-04-02 17:26:08"}
{"level":"info","message":"🚀 Server running on port 3000 in development mode","service":"neuroassist","timestamp":"2026-04-02 17:26:11"}
{"level":"info","message":"📧 Daily lead summaries will be sent at 9:00 AM every day","service":"neuroassist","timestamp":"2026-04-02 17:26:11"}
{"level":"info","message":"CORS allowed origins: https://neuroassist-5z1k.onrender.com, http://localhost:3000, http://localhost:3001","service":"neuroassist","timestamp":"2026-04-02 17:26:22"}
{"level":"info","message":"🚀 Server running on port 3000 in development mode","service":"neuroassist","timestamp":"2026-04-02 17:26:24"}
{"level":"info","message":"📧 Daily lead summaries will be sent at 9:00 AM every day","service":"neuroassist","timestamp":"2026-04-02 17:26:24"}
{"level":"info","message":"CORS allowed origins: https://neuroassist-5z1k.onrender.com, http://localhost:3000, http://localhost:3001","service":"neuroassist","timestamp":"2026-04-02 17:26:41"}
{"level":"info","message":"🚀 Server running on port 3000 in development mode","service":"neuroassist","timestamp":"2026-04-02 17:26:44"}
{"level":"info","message":"📧 Daily lead summaries will be sent at 9:00 AM every day","service":"neuroassist","timestamp":"2026-04-02 17:26:44"}
{"level":"info","message":"OTP sent to kunalbodkhe080@gmail.com for signup","service":"neuroassist","timestamp":"2026-04-02 17:37:44"}
{"level":"info","message":"CORS allowed origins: https://neuroassist-5z1k.onrender.com, http://localhost:3000, http://localhost:3001","service":"neuroassist","timestamp":"2026-04-02 17:39:43"}
{"level":"info","message":"🚀 Server running on port 3000 in development mode","service":"neuroassist","timestamp":"2026-04-02 17:39:46"}
{"level":"info","message":"📧 Daily lead summaries will be sent at 9:00 AM every day","service":"neuroassist","timestamp":"2026-04-02 17:39:46"}
{"level":"info","message":"OTP sent to kunalbodkhe080@gmail.com for signup","service":"neuroassist","timestamp":"2026-04-02 17:40:02"}
{"level":"info","message":"OTP sent to kunalbodkhe080@gmail.com for signup","service":"neuroassist","timestamp":"2026-04-02 17:55:13"}
{"level":"info","message":"CORS allowed origins: https://neuroassist-5z1k.onrender.com, http://localhost:3000, http://localhost:3001","service":"neuroassist","timestamp":"2026-04-02 17:57:17"}
{"level":"info","message":"🚀 Server running on port 3000 in development mode","service":"neuroassist","timestamp":"2026-04-02 17:57:19"}
{"level":"info","message":"📧 Daily lead summaries will be sent at 9:00 AM every day","service":"neuroassist","timestamp":"2026-04-02 17:57:19"}
{"level":"info","message":"OTP sent to kunalbodkhe080@gmail.com for signup","service":"neuroassist","timestamp":"2026-04-02 17:57:27"}
{"level":"info","message":"CORS allowed origins: https://neuroassist-5z1k.onrender.com, http://localhost:3000, http://localhost:3001","service":"neuroassist","timestamp":"2026-04-02 18:12:38"}
{"level":"info","message":"🚀 Server running on port 3000 in development mode","service":"neuroassist","timestamp":"2026-04-02 18:12:42"}
{"level":"info","message":"📧 Daily lead summaries will be sent at 9:00 AM every day","service":"neuroassist","timestamp":"2026-04-02 18:12:42"}
{"level":"error","message":"Signup error: logger.info is not a function","service":"neuroassist","stack":"TypeError: logger.info is not a function\n    at sendOtp (C:\\Users\\kunal\\OneDrive\\Desktop\\NEWPROJECT\\services\\sendOtp.js:367:12)\n    at C:\\Users\\kunal\\OneDrive\\Desktop\\NEWPROJECT\\app.js:1064:13\n    at process.processTicksAndRejections (node:internal/process/task_queues:103:5)","timestamp":"2026-04-02 18:13:05"}
{"level":"info","message":"\u001b[0mPOST /signup \u001b[31m500\u001b[0m 194.334 ms - 56\u001b[0m","service":"neuroassist","timestamp":"2026-04-02 18:13:05"}
{"level":"error","message":"Signup error: logger.info is not a function","service":"neuroassist","stack":"TypeError: logger.info is not a function\n    at sendOtp (C:\\Users\\kunal\\OneDrive\\Desktop\\NEWPROJECT\\services\\sendOtp.js:367:12)\n    at C:\\Users\\kunal\\OneDrive\\Desktop\\NEWPROJECT\\app.js:1064:13\n    at process.processTicksAndRejections (node:internal/process/task_queues:103:5)","timestamp":"2026-04-02 18:13:15"}
{"level":"info","message":"\u001b[0mPOST /signup \u001b[31m500\u001b[0m 125.407 ms - 56\u001b[0m","service":"neuroassist","timestamp":"2026-04-02 18:13:15"}
{"level":"error","message":"Signup error: logger.info is not a function","service":"neuroassist","stack":"TypeError: logger.info is not a function\n    at sendOtp (C:\\Users\\kunal\\OneDrive\\Desktop\\NEWPROJECT\\services\\sendOtp.js:367:12)\n    at C:\\Users\\kunal\\OneDrive\\Desktop\\NEWPROJECT\\app.js:1064:13\n    at process.processTicksAndRejections (node:internal/process/task_queues:103:5)","timestamp":"2026-04-02 18:13:22"}
{"level":"info","message":"\u001b[0mPOST /signup \u001b[31m500\u001b[0m 1882.493 ms - 56\u001b[0m","service":"neuroassist","timestamp":"2026-04-02 18:13:22"}
{"level":"info","message":"CORS allowed origins: https://neuroassist-5z1k.onrender.com, http://localhost:3000, http://localhost:3001","service":"neuroassist","timestamp":"2026-04-02 18:35:34"}
{"level":"info","message":"🚀 Server running on port 3000 in development mode","service":"neuroassist","timestamp":"2026-04-02 18:35:38"}
{"level":"info","message":"📧 Daily lead summaries will be sent at 9:00 AM every day","service":"neuroassist","timestamp":"2026-04-02 18:35:38"}
{"level":"error","message":"Signup error: logger.info is not a function","service":"neuroassist","stack":"TypeError: logger.info is not a function\n    at sendOtp (C:\\Users\\kunal\\OneDrive\\Desktop\\NEWPROJECT\\services\\sendOtp.js:367:12)\n    at C:\\Users\\kunal\\OneDrive\\Desktop\\NEWPROJECT\\app.js:1064:13\n    at process.processTicksAndRejections (node:internal/process/task_queues:103:5)","timestamp":"2026-04-02 18:36:08"}
{"level":"info","message":"\u001b[0mPOST /signup \u001b[31m500\u001b[0m 188.745 ms - 56\u001b[0m","service":"neuroassist","timestamp":"2026-04-02 18:36:08"}
{"level":"info","message":"CORS allowed origins: https://neuroassist-5z1k.onrender.com, http://localhost:3000, http://localhost:3001","service":"neuroassist","timestamp":"2026-04-02 18:46:09"}
{"level":"info","message":"🚀 Server running on port 3000 in development mode","service":"neuroassist","timestamp":"2026-04-02 18:46:11"}
{"level":"info","message":"📧 Daily lead summaries will be sent at 9:00 AM every day","service":"neuroassist","timestamp":"2026-04-02 18:46:11"}
{"level":"info","message":"CORS allowed origins: https://neuroassist-5z1k.onrender.com, http://localhost:3000, http://localhost:3001","service":"neuroassist","timestamp":"2026-04-06 20:39:14"}
{"level":"info","message":"🚀 Server running on port 3000 in development mode","service":"neuroassist","timestamp":"2026-04-06 20:39:18"}
{"level":"info","message":"📧 Daily lead summaries will be sent at 9:00 AM every day","service":"neuroassist","timestamp":"2026-04-06 20:39:18"}
{"level":"warn","message":"404 Not Found: GET /favicon.ico","service":"neuroassist","timestamp":"2026-04-06 20:39:23"}
{"level":"info","message":"\u001b[0mGET /favicon.ico \u001b[33m404\u001b[0m 36.534 ms - 7965\u001b[0m","service":"neuroassist","timestamp":"2026-04-06 20:39:24"}
{"level":"info","message":"\u001b[0mPOST /signup \u001b[33m400\u001b[0m 74.716 ms - 294\u001b[0m","service":"neuroassist","timestamp":"2026-04-06 20:39:46"}
{"level":"error","message":"Signup error: logger.info is not a function","service":"neuroassist","stack":"TypeError: logger.info is not a function\n    at sendOtp (C:\\Users\\kunal\\OneDrive\\Desktop\\NEWPROJECT\\services\\sendOtp.js:367:12)\n    at C:\\Users\\kunal\\OneDrive\\Desktop\\NEWPROJECT\\app.js:1064:13\n    at process.processTicksAndRejections (node:internal/process/task_queues:103:5)","timestamp":"2026-04-06 20:39:59"}
{"level":"info","message":"\u001b[0mPOST /signup \u001b[31m500\u001b[0m 480.704 ms - 56\u001b[0m","service":"neuroassist","timestamp":"2026-04-06 20:40:00"}
{"level":"error","message":"Signup error: logger.info is not a function","service":"neuroassist","stack":"TypeError: logger.info is not a function\n    at sendOtp (C:\\Users\\kunal\\OneDrive\\Desktop\\NEWPROJECT\\services\\sendOtp.js:367:12)\n    at C:\\Users\\kunal\\OneDrive\\Desktop\\NEWPROJECT\\app.js:1064:13\n    at process.processTicksAndRejections (node:internal/process/task_queues:103:5)","timestamp":"2026-04-06 20:43:15"}
{"level":"info","message":"\u001b[0mPOST /signup \u001b[31m500\u001b[0m 846.825 ms - 56\u001b[0m","service":"neuroassist","timestamp":"2026-04-06 20:43:16"}
{"level":"info","message":"CORS allowed origins: https://neuroassist-5z1k.onrender.com, http://localhost:3000, http://localhost:3001","service":"neuroassist","timestamp":"2026-04-06 20:46:20"}
{"level":"info","message":"CORS allowed origins: https://neuroassist-5z1k.onrender.com, http://localhost:3000, http://localhost:3001","service":"neuroassist","timestamp":"2026-04-06 20:46:52"}
{"level":"info","message":"🚀 Server running on port 3000 in development mode","service":"neuroassist","timestamp":"2026-04-06 20:46:56"}
{"level":"info","message":"📧 Daily lead summaries will be sent at 9:00 AM every day","service":"neuroassist","timestamp":"2026-04-06 20:46:57"}
{"level":"info","message":"CORS allowed origins: https://neuroassist-5z1k.onrender.com, http://localhost:3000, http://localhost:3001","service":"neuroassist","timestamp":"2026-04-06 20:47:58"}
{"level":"info","message":"🚀 Server running on port 3000 in development mode","service":"neuroassist","timestamp":"2026-04-06 20:48:02"}
{"level":"info","message":"📧 Daily lead summaries will be sent at 9:00 AM every day","service":"neuroassist","timestamp":"2026-04-06 20:48:03"}
{"level":"info","message":"CORS allowed origins: https://neuroassist-5z1k.onrender.com, http://localhost:3000, http://localhost:3001","service":"neuroassist","timestamp":"2026-04-06 20:48:40"}
{"level":"info","message":"🚀 Server running on port 3000 in development mode","service":"neuroassist","timestamp":"2026-04-06 20:48:43"}
{"level":"info","message":"📧 Daily lead summaries will be sent at 9:00 AM every day","service":"neuroassist","timestamp":"2026-04-06 20:48:43"}
{"level":"info","message":"📧 Sending OTP to kunalbodkhe080@gmail.com...","service":"neuroassist","timestamp":"2026-04-06 20:52:17"}
{"level":"info","message":"📮 Attempting email with providers: Resend → Brevo","service":"neuroassist","timestamp":"2026-04-06 20:52:17"}
{"level":"info","message":"🔄 Trying Resend...","service":"neuroassist","timestamp":"2026-04-06 20:52:17"}
{"level":"info","message":"✅ OTP sent via Resend to: kunalbodkhe080@gmail.com","service":"neuroassist","timestamp":"2026-04-06 20:52:20"}
{"level":"info","message":"✅ OTP sent successfully using Resend","service":"neuroassist","timestamp":"2026-04-06 20:52:20"}
{"level":"info","message":"OTP sent to kunalbodkhe080@gmail.com for signup","service":"neuroassist","timestamp":"2026-04-06 20:52:20"}
{"level":"info","message":"📧 Sending OTP to kunalbodkhe080@gmail.com...","service":"neuroassist","timestamp":"2026-04-06 20:57:42"}
{"level":"info","message":"📮 Attempting email with providers: Resend → Brevo","service":"neuroassist","timestamp":"2026-04-06 20:57:42"}
{"level":"info","message":"🔄 Trying Resend...","service":"neuroassist","timestamp":"2026-04-06 20:57:42"}
{"level":"info","message":"✅ OTP sent via Resend to: kunalbodkhe080@gmail.com","service":"neuroassist","timestamp":"2026-04-06 20:57:47"}
{"level":"info","message":"✅ OTP sent successfully using Resend","service":"neuroassist","timestamp":"2026-04-06 20:57:47"}
{"level":"info","message":"OTP sent to kunalbodkhe080@gmail.com for signup","service":"neuroassist","timestamp":"2026-04-06 20:57:47"}
{"level":"info","message":"CORS allowed origins: https://neuroassist-5z1k.onrender.com, http://localhost:3000, http://localhost:3001","service":"neuroassist","timestamp":"2026-04-06 21:00:24"}
{"level":"info","message":"🚀 Server running on port 3000 in development mode","service":"neuroassist","timestamp":"2026-04-06 21:00:28"}
{"level":"info","message":"📧 Daily lead summaries will be sent at 9:00 AM every day","service":"neuroassist","timestamp":"2026-04-06 21:00:28"}
{"level":"info","message":"CORS allowed origins: https://neuroassist-5z1k.onrender.com, http://localhost:3000, http://localhost:3001","service":"neuroassist","timestamp":"2026-04-06 21:02:28"}
{"level":"info","message":"🚀 Server running on port 3000 in development mode","service":"neuroassist","timestamp":"2026-04-06 21:02:40"}
{"level":"info","message":"📧 Daily lead summaries will be sent at 9:00 AM every day","service":"neuroassist","timestamp":"2026-04-06 21:02:40"}
{"level":"info","message":"CORS allowed origins: https://neuroassist-5z1k.onrender.com, http://localhost:3000, http://localhost:3001","service":"neuroassist","timestamp":"2026-04-06 21:04:01"}
{"level":"info","message":"🚀 Server running on port 3000 in development mode","service":"neuroassist","timestamp":"2026-04-06 21:04:04"}
{"level":"info","message":"📧 Daily lead summaries will be sent at 9:00 AM every day","service":"neuroassist","timestamp":"2026-04-06 21:04:04"}
{"level":"info","message":"📧 Sending OTP to kunalbodkhe080@gmail.com...","service":"neuroassist","timestamp":"2026-04-06 21:04:21"}
{"level":"info","message":"📮 Attempting email with providers: Resend → Brevo","service":"neuroassist","timestamp":"2026-04-06 21:04:21"}
{"level":"info","message":"🔄 Trying Resend...","service":"neuroassist","timestamp":"2026-04-06 21:04:21"}
{"level":"info","message":"✅ OTP sent via Resend to: kunalbodkhe080@gmail.com (from: onboarding@resend.dev)","service":"neuroassist","timestamp":"2026-04-06 21:04:23"}
{"level":"info","message":"✅ OTP sent successfully using Resend","service":"neuroassist","timestamp":"2026-04-06 21:04:23"}
{"level":"info","message":"OTP sent to kunalbodkhe080@gmail.com for signup","service":"neuroassist","timestamp":"2026-04-06 21:04:23"}
{"level":"info","message":"CORS allowed origins: https://neuroassist-5z1k.onrender.com, http://localhost:3000, http://localhost:3001","service":"neuroassist","timestamp":"2026-04-06 21:12:15"}
{"level":"info","message":"🚀 Server running on port 3000 in development mode","service":"neuroassist","timestamp":"2026-04-06 21:12:20"}
{"level":"info","message":"📧 Daily lead summaries will be sent at 9:00 AM every day","service":"neuroassist","timestamp":"2026-04-06 21:12:20"}
{"level":"info","message":"📧 Sending OTP to kunalbodkhe080@gmail.com...","service":"neuroassist","timestamp":"2026-04-06 21:12:42"}
{"level":"info","message":"📮 Attempting email with providers: Resend → Brevo","service":"neuroassist","timestamp":"2026-04-06 21:12:42"}
{"level":"info","message":"🔄 Trying Resend...","service":"neuroassist","timestamp":"2026-04-06 21:12:42"}
{"level":"info","message":"✅ OTP sent via Resend to: kunalbodkhe080@gmail.com (from: noreply@bemybot.in)","service":"neuroassist","timestamp":"2026-04-06 21:12:44"}
{"level":"info","message":"✅ OTP sent successfully using Resend","service":"neuroassist","timestamp":"2026-04-06 21:12:44"}
{"level":"info","message":"OTP sent to kunalbodkhe080@gmail.com for signup","service":"neuroassist","timestamp":"2026-04-06 21:12:44"}
{"ip":"::1","level":"error","message":"E11000 duplicate key error collection: test.users index: email_1 dup key: { email: \"kunalbodkhe080@gmail.com\" }","method":"POST","service":"neuroassist","stack":"MongoServerError: E11000 duplicate key error collection: test.users index: email_1 dup key: { email: \"kunalbodkhe080@gmail.com\" }\n    at InsertOneOperation.handleOk (C:\\Users\\kunal\\OneDrive\\Desktop\\NEWPROJECT\\node_modules\\mongoose\\node_modules\\mongodb\\lib\\operations\\insert.js:51:19)\n    at tryOperation (C:\\Users\\kunal\\OneDrive\\Desktop\\NEWPROJECT\\node_modules\\mongoose\\node_modules\\mongodb\\lib\\operations\\execute_operation.js:216:34)\n    at process.processTicksAndRejections (node:internal/process/task_queues:103:5)\n    at async executeOperation (C:\\Users\\kunal\\OneDrive\\Desktop\\NEWPROJECT\\node_modules\\mongoose\\node_modules\\mongodb\\lib\\operations\\execute_operation.js:80:16)\n    at async Collection.insertOne (C:\\Users\\kunal\\OneDrive\\Desktop\\NEWPROJECT\\node_modules\\mongoose\\node_modules\\mongodb\\lib\\collection.js:154:16)\n    at async model.$__save (C:\\Users\\kunal\\OneDrive\\Desktop\\NEWPROJECT\\node_modules\\mongoose\\lib\\model.js:405:16)\n    at async model.save (C:\\Users\\kunal\\OneDrive\\Desktop\\NEWPROJECT\\node_modules\\mongoose\\lib\\model.js:642:5)\n    at async C:\\Users\\kunal\\OneDrive\\Desktop\\NEWPROJECT\\node_modules\\mongoose\\lib\\model.js:2778:9\n    at async Promise.all (index 0)\n    at async model.create (C:\\Users\\kunal\\OneDrive\\Desktop\\NEWPROJECT\\node_modules\\mongoose\\lib\\model.js:2763:11)","timestamp":"2026-04-06 21:13:13","url":"/verify-otp"}
{"level":"info","message":"\u001b[0mPOST /verify-otp \u001b[31m500\u001b[0m 1331.778 ms - 1544\u001b[0m","service":"neuroassist","timestamp":"2026-04-06 21:13:13"}
{"level":"warn","message":"404 Not Found: GET /default.png","service":"neuroassist","timestamp":"2026-04-06 21:14:15"}
{"level":"info","message":"\u001b[0mGET /default.png \u001b[33m404\u001b[0m 1352.509 ms - 7965\u001b[0m","service":"neuroassist","timestamp":"2026-04-06 21:14:16"}
{"level":"info","message":"CORS allowed origins: https://neuroassist-5z1k.onrender.com, http://localhost:3000, http://localhost:3001","service":"neuroassist","timestamp":"2026-04-06 21:22:41"}
{"level":"info","message":"🚀 Server running on port 3000 in development mode","service":"neuroassist","timestamp":"2026-04-06 21:22:44"}
{"level":"info","message":"📧 Daily lead summaries will be sent at 9:00 AM every day","service":"neuroassist","timestamp":"2026-04-06 21:22:44"}
{"level":"info","message":"CORS allowed origins: https://neuroassist-5z1k.onrender.com, http://localhost:3000, http://localhost:3001","service":"neuroassist","timestamp":"2026-04-06 21:43:46"}
{"level":"info","message":"🚀 Server running on port 3000 in development mode","service":"neuroassist","timestamp":"2026-04-06 21:43:50"}
{"level":"info","message":"📧 Daily lead summaries will be sent at 9:00 AM every day","service":"neuroassist","timestamp":"2026-04-06 21:43:50"}
{"level":"info","message":"📧 Sending OTP to kunalbodkhe022@gmail.com...","service":"neuroassist","timestamp":"2026-04-06 21:44:47"}
{"level":"info","message":"📮 Attempting email with providers: Resend → Brevo","service":"neuroassist","timestamp":"2026-04-06 21:44:47"}
{"level":"info","message":"🔄 Trying Resend...","service":"neuroassist","timestamp":"2026-04-06 21:44:47"}
{"level":"info","message":"✅ OTP sent via Resend to: kunalbodkhe022@gmail.com (from: noreply@bemybot.in)","service":"neuroassist","timestamp":"2026-04-06 21:44:48"}
{"level":"info","message":"✅ OTP sent successfully using Resend","service":"neuroassist","timestamp":"2026-04-06 21:44:48"}
{"level":"info","message":"OTP sent to kunalbodkhe022@gmail.com for signup","service":"neuroassist","timestamp":"2026-04-06 21:44:48"}
{"level":"warn","message":"404 Not Found: GET /about","service":"neuroassist","timestamp":"2026-04-06 21:45:53"}
{"level":"info","message":"\u001b[0mGET /about \u001b[33m404\u001b[0m 186.367 ms - 7959\u001b[0m","service":"neuroassist","timestamp":"2026-04-06 21:45:53"}
{"level":"warn","message":"404 Not Found: GET /default.png","service":"neuroassist","timestamp":"2026-04-06 21:47:01"}
{"level":"info","message":"\u001b[0mGET /default.png \u001b[33m404\u001b[0m 101.624 ms - 7965\u001b[0m","service":"neuroassist","timestamp":"2026-04-06 21:47:01"}
{"level":"warn","message":"404 Not Found: GET /default.png","service":"neuroassist","timestamp":"2026-04-06 21:47:41"}
{"level":"info","message":"\u001b[0mGET /default.png \u001b[33m404\u001b[0m 34.250 ms - 7965\u001b[0m","service":"neuroassist","timestamp":"2026-04-06 21:47:41"}
{"level":"info","message":"CORS allowed origins: https://neuroassist-5z1k.onrender.com, http://localhost:3000, http://localhost:3001","service":"neuroassist","timestamp":"2026-04-06 21:55:33"}
{"level":"info","message":"🚀 Server running on port 3000 in development mode","service":"neuroassist","timestamp":"2026-04-06 21:55:39"}
{"level":"info","message":"📧 Daily lead summaries will be sent at 9:00 AM every day","service":"neuroassist","timestamp":"2026-04-06 21:55:39"}
{"level":"info","message":"CORS allowed origins: https://neuroassist-5z1k.onrender.com, http://localhost:3000, http://localhost:3001","service":"neuroassist","timestamp":"2026-04-06 22:01:55"}
{"level":"info","message":"🚀 Server running on port 3000 in development mode","service":"neuroassist","timestamp":"2026-04-06 22:01:58"}
{"level":"info","message":"📧 Daily lead summaries will be sent at 9:00 AM every day","service":"neuroassist","timestamp":"2026-04-06 22:01:58"}
{"ip":"::1","level":"error","message":"C:\\Users\\kunal\\OneDrive\\Desktop\\NEWPROJECT\\views\\chat.ejs:968\n    966|     <div style=\"position: fixed; bottom: 10px; left: 10px; font-size: 11px; color: var(--muted); font-family: monospace; z-index: 99999; background: rgba(0,0,0,0.8); padding: 10px; border-radius: 8px; line-height: 1.6;\">\r\n    967|       <div style=\"color: #fff; margin-bottom: 5px; font-weight: bold;\">🐛 DEBUG</div>\r\n >> 968|       <div>hasJoined: <span id=\"debug-joined\" style=\"color: #ff7518;\"><%= hasJoined ? 'true' : 'false' %></span></div>\r\n    969|       <div>Socket: <span id=\"debug-socket\" style=\"color: #ff7518;\">connecting...</span></div>\r\n    970|       <div>Room: <span id=\"debug-room\" style=\"color: #ff7518;\">none</span></div>\r\n    971|       <div style=\"margin-top: 5px; font-size: 10px; opacity: 0.7;\">Check F12 console for logs</div>\r\n\nhasJoined is not defined","method":"GET","service":"neuroassist","stack":"ReferenceError: C:\\Users\\kunal\\OneDrive\\Desktop\\NEWPROJECT\\views\\chat.ejs:968\n    966|     <div style=\"position: fixed; bottom: 10px; left: 10px; font-size: 11px; color: var(--muted); font-family: monospace; z-index: 99999; background: rgba(0,0,0,0.8); padding: 10px; border-radius: 8px; line-height: 1.6;\">\r\n    967|       <div style=\"color: #fff; margin-bottom: 5px; font-weight: bold;\">🐛 DEBUG</div>\r\n >> 968|       <div>hasJoined: <span id=\"debug-joined\" style=\"color: #ff7518;\"><%= hasJoined ? 'true' : 'false' %></span></div>\r\n    969|       <div>Socket: <span id=\"debug-socket\" style=\"color: #ff7518;\">connecting...</span></div>\r\n    970|       <div>Room: <span id=\"debug-room\" style=\"color: #ff7518;\">none</span></div>\r\n    971|       <div style=\"margin-top: 5px; font-size: 10px; opacity: 0.7;\">Check F12 console for logs</div>\r\n\nhasJoined is not defined\n    at eval (\"C:\\\\Users\\\\kunal\\\\OneDrive\\\\Desktop\\\\NEWPROJECT\\\\views\\\\chat.ejs\":30:26)\n    at chat (C:\\Users\\kunal\\OneDrive\\Desktop\\NEWPROJECT\\node_modules\\ejs\\lib\\cjs\\ejs.js:643:23)\n    at tryHandleCache (C:\\Users\\kunal\\OneDrive\\Desktop\\NEWPROJECT\\node_modules\\ejs\\lib\\cjs\\ejs.js:254:42)\n    at ejs.renderFile [as engine] (C:\\Users\\kunal\\OneDrive\\Desktop\\NEWPROJECT\\node_modules\\ejs\\lib\\cjs\\ejs.js:447:12)\n    at View.render (C:\\Users\\kunal\\OneDrive\\Desktop\\NEWPROJECT\\node_modules\\express\\lib\\view.js:139:8)\n    at tryRender (C:\\Users\\kunal\\OneDrive\\Desktop\\NEWPROJECT\\node_modules\\express\\lib\\application.js:627:10)\n    at app.render (C:\\Users\\kunal\\OneDrive\\Desktop\\NEWPROJECT\\node_modules\\express\\lib\\application.js:574:3)\n    at ServerResponse.render (C:\\Users\\kunal\\OneDrive\\Desktop\\NEWPROJECT\\node_modules\\express\\lib\\response.js:923:7)\n    at C:\\Users\\kunal\\OneDrive\\Desktop\\NEWPROJECT\\app.js:996:9\n    at Layer.handleRequest (C:\\Users\\kunal\\OneDrive\\Desktop\\NEWPROJECT\\node_modules\\router\\lib\\layer.js:152:17)","timestamp":"2026-04-06 22:06:49","url":"/chat"}
{"level":"info","message":"\u001b[0mGET /chat \u001b[31m500\u001b[0m 1259.347 ms - 8707\u001b[0m","service":"neuroassist","timestamp":"2026-04-06 22:06:49"}
{"ip":"::1","level":"error","message":"C:\\Users\\kunal\\OneDrive\\Desktop\\NEWPROJECT\\views\\chat.ejs:968\n    966|     <div style=\"position: fixed; bottom: 10px; left: 10px; font-size: 11px; color: var(--muted); font-family: monospace; z-index: 99999; background: rgba(0,0,0,0.8); padding: 10px; border-radius: 8px; line-height: 1.6;\">\r\n    967|       <div style=\"color: #fff; margin-bottom: 5px; font-weight: bold;\">🐛 DEBUG</div>\r\n >> 968|       <div>hasJoined: <span id=\"debug-joined\" style=\"color: #ff7518;\"><%= hasJoined ? 'true' : 'false' %></span></div>\r\n    969|       <div>Socket: <span id=\"debug-socket\" style=\"color: #ff7518;\">connecting...</span></div>\r\n    970|       <div>Room: <span id=\"debug-room\" style=\"color: #ff7518;\">none</span></div>\r\n    971|       <div style=\"margin-top: 5px; font-size: 10px; opacity: 0.7;\">Check F12 console for logs</div>\r\n\nhasJoined is not defined","method":"GET","service":"neuroassist","stack":"ReferenceError: C:\\Users\\kunal\\OneDrive\\Desktop\\NEWPROJECT\\views\\chat.ejs:968\n    966|     <div style=\"position: fixed; bottom: 10px; left: 10px; font-size: 11px; color: var(--muted); font-family: monospace; z-index: 99999; background: rgba(0,0,0,0.8); padding: 10px; border-radius: 8px; line-height: 1.6;\">\r\n    967|       <div style=\"color: #fff; margin-bottom: 5px; font-weight: bold;\">🐛 DEBUG</div>\r\n >> 968|       <div>hasJoined: <span id=\"debug-joined\" style=\"color: #ff7518;\"><%= hasJoined ? 'true' : 'false' %></span></div>\r\n    969|       <div>Socket: <span id=\"debug-socket\" style=\"color: #ff7518;\">connecting...</span></div>\r\n    970|       <div>Room: <span id=\"debug-room\" style=\"color: #ff7518;\">none</span></div>\r\n    971|       <div style=\"margin-top: 5px; font-size: 10px; opacity: 0.7;\">Check F12 console for logs</div>\r\n\nhasJoined is not defined\n    at eval (\"C:\\\\Users\\\\kunal\\\\OneDrive\\\\Desktop\\\\NEWPROJECT\\\\views\\\\chat.ejs\":30:26)\n    at chat (C:\\Users\\kunal\\OneDrive\\Desktop\\NEWPROJECT\\node_modules\\ejs\\lib\\cjs\\ejs.js:643:23)\n    at tryHandleCache (C:\\Users\\kunal\\OneDrive\\Desktop\\NEWPROJECT\\node_modules\\ejs\\lib\\cjs\\ejs.js:254:42)\n    at ejs.renderFile [as engine] (C:\\Users\\kunal\\OneDrive\\Desktop\\NEWPROJECT\\node_modules\\ejs\\lib\\cjs\\ejs.js:447:12)\n    at View.render (C:\\Users\\kunal\\OneDrive\\Desktop\\NEWPROJECT\\node_modules\\express\\lib\\view.js:139:8)\n    at tryRender (C:\\Users\\kunal\\OneDrive\\Desktop\\NEWPROJECT\\node_modules\\express\\lib\\application.js:627:10)\n    at app.render (C:\\Users\\kunal\\OneDrive\\Desktop\\NEWPROJECT\\node_modules\\express\\lib\\application.js:574:3)\n    at ServerResponse.render (C:\\Users\\kunal\\OneDrive\\Desktop\\NEWPROJECT\\node_modules\\express\\lib\\response.js:923:7)\n    at C:\\Users\\kunal\\OneDrive\\Desktop\\NEWPROJECT\\app.js:996:9\n    at Layer.handleRequest (C:\\Users\\kunal\\OneDrive\\Desktop\\NEWPROJECT\\node_modules\\router\\lib\\layer.js:152:17)","timestamp":"2026-04-06 22:07:03","url":"/chat"}
{"level":"info","message":"\u001b[0mGET /chat \u001b[31m500\u001b[0m 1402.921 ms - 8707\u001b[0m","service":"neuroassist","timestamp":"2026-04-06 22:07:03"}
{"level":"info","message":"CORS allowed origins: https://neuroassist-5z1k.onrender.com, http://localhost:3000, http://localhost:3001","service":"neuroassist","timestamp":"2026-04-06 22:08:39"}
{"level":"info","message":"🚀 Server running on port 3000 in development mode","service":"neuroassist","timestamp":"2026-04-06 22:08:42"}
{"level":"info","message":"📧 Daily lead summaries will be sent at 9:00 AM every day","service":"neuroassist","timestamp":"2026-04-06 22:08:42"}
{"level":"info","message":"CORS allowed origins: https://neuroassist-5z1k.onrender.com, http://localhost:3000, http://localhost:3001","service":"neuroassist","timestamp":"2026-04-06 22:12:26"}
{"level":"info","message":"🚀 Server running on port 3000 in development mode","service":"neuroassist","timestamp":"2026-04-06 22:12:29"}
{"level":"info","message":"📧 Daily lead summaries will be sent at 9:00 AM every day","service":"neuroassist","timestamp":"2026-04-06 22:12:29"}
{"level":"info","message":"CORS allowed origins: https://neuroassist-5z1k.onrender.com, http://localhost:3000, http://localhost:3001","service":"neuroassist","timestamp":"2026-04-06 22:13:58"}
{"level":"info","message":"🚀 Server running on port 3000 in development mode","service":"neuroassist","timestamp":"2026-04-06 22:14:01"}
{"level":"info","message":"📧 Daily lead summaries will be sent at 9:00 AM every day","service":"neuroassist","timestamp":"2026-04-06 22:14:01"}
{"level":"warn","message":"404 Not Found: GET /.well-known/appspecific/com.chrome.devtools.json","service":"neuroassist","timestamp":"2026-04-06 22:14:12"}
{"level":"info","message":"\u001b[0mGET /.well-known/appspecific/com.chrome.devtools.json \u001b[33m404\u001b[0m 59.912 ms - 8002\u001b[0m","service":"neuroassist","timestamp":"2026-04-06 22:14:12"}
{"level":"warn","message":"404 Not Found: GET /.well-known/appspecific/com.chrome.devtools.json","service":"neuroassist","timestamp":"2026-04-06 22:14:47"}
{"level":"info","message":"\u001b[0mGET /.well-known/appspecific/com.chrome.devtools.json \u001b[33m404\u001b[0m 123.766 ms - 8002\u001b[0m","service":"neuroassist","timestamp":"2026-04-06 22:14:47"}
{"level":"info","message":"CORS allowed origins: https://neuroassist-5z1k.onrender.com, http://localhost:3000, http://localhost:3001","service":"neuroassist","timestamp":"2026-04-06 22:17:02"}
{"level":"info","message":"🚀 Server running on port 3000 in development mode","service":"neuroassist","timestamp":"2026-04-06 22:17:05"}
{"level":"info","message":"📧 Daily lead summaries will be sent at 9:00 AM every day","service":"neuroassist","timestamp":"2026-04-06 22:17:05"}
{"level":"warn","message":"404 Not Found: GET /.well-known/appspecific/com.chrome.devtools.json","service":"neuroassist","timestamp":"2026-04-06 22:17:15"}
{"level":"info","message":"\u001b[0mGET /.well-known/appspecific/com.chrome.devtools.json \u001b[33m404\u001b[0m 14.919 ms - 8002\u001b[0m","service":"neuroassist","timestamp":"2026-04-06 22:17:15"}
{"level":"warn","message":"404 Not Found: GET /.well-known/appspecific/com.chrome.devtools.json","service":"neuroassist","timestamp":"2026-04-06 22:19:47"}
{"level":"info","message":"\u001b[0mGET /.well-known/appspecific/com.chrome.devtools.json \u001b[33m404\u001b[0m 14.808 ms - 8002\u001b[0m","service":"neuroassist","timestamp":"2026-04-06 22:19:47"}
